--------- Start --------------


do: cd /home/PrototypingInterfaces/GIT/PrototypingInterfaces_AllPatches

do: checkout master
* master
  vvvv_45beta29.2
  vvvv_45beta30



do: update subtree 00_CapacitiveCover for branch master



do: update subtree 2_VVVV-Basics for branch master



do: update subtree 3_ArduinoBasics for branch master



do: update subtree 4_1_Potentiometer for branch master



do: update subtree 4_2_Temperatursensor for branch master



do: update subtree 4_3_Accelerometer for branch master



do: update subtree 4_4_RFID for branch master



do: update subtree 4_5_OneDimensionalSlider for branch master



do: update subtree 4_6_TwoDimensionalSlider for branch master



do: update subtree 5_1_Fiducial-Tracking for branch master



do: update subtree 5_2_AugmentedReality for branch master



do: update subtree 5_3_Facetracking for branch master



do: update subtree 5_4_Colortracking for branch master



do: update subtree 5_5_Multitouch for branch master



do: update subtree 5_6_GestureControl for branch master



do: update subtree 6_1_Multiscreen for branch master



do: update subtree 6_2_2DMappingOnPlaneSurfaces for branch master



do: update subtree 6_3_3DIllusionThroughProjectionMapping for branch master



do: update subtree 7_1_Servomotor for branch master
Merge made by the 'recursive' strategy.
 7_1_Servomotor/readme.md | 2 +-
 1 file changed, 1 insertion(+), 1 deletion(-)



do: update subtree 7_2_VibrationMotor for branch master

do: git add

do: git commit
# On branch master
nothing to commit, working directory clean

do: git push master

do: checkout master

do: cd in tmp folder /home/PrototypingInterfaces/PItmp/

do: starts rsync

do: zip content


done! made updates for branch https://github.com/PrototypingInterfaces/_master

do: checkout vvvv_45beta29.2
  master
* vvvv_45beta29.2
  vvvv_45beta30



do: update subtree 00_CapacitiveCover for branch vvvv_45beta29.2



do: update subtree 2_VVVV-Basics for branch vvvv_45beta29.2



do: update subtree 3_ArduinoBasics for branch vvvv_45beta29.2



do: update subtree 4_1_Potentiometer for branch vvvv_45beta29.2



do: update subtree 4_2_Temperatursensor for branch vvvv_45beta29.2



do: update subtree 4_3_Accelerometer for branch vvvv_45beta29.2



do: update subtree 4_4_RFID for branch vvvv_45beta29.2



do: update subtree 4_5_OneDimensionalSlider for branch vvvv_45beta29.2



do: update subtree 4_6_TwoDimensionalSlider for branch vvvv_45beta29.2



do: update subtree 5_1_Fiducial-Tracking for branch vvvv_45beta29.2



do: update subtree 5_2_AugmentedReality for branch vvvv_45beta29.2



do: update subtree 5_3_Facetracking for branch vvvv_45beta29.2



do: update subtree 5_4_Colortracking for branch vvvv_45beta29.2



do: update subtree 5_5_Multitouch for branch vvvv_45beta29.2



do: update subtree 5_6_GestureControl for branch vvvv_45beta29.2



do: update subtree 6_1_Multiscreen for branch vvvv_45beta29.2



do: update subtree 6_2_2DMappingOnPlaneSurfaces for branch vvvv_45beta29.2



do: update subtree 6_3_3DIllusionThroughProjectionMapping for branch vvvv_45beta29.2



do: update subtree 7_1_Servomotor for branch vvvv_45beta29.2
Merge made by the 'recursive' strategy.
 7_1_Servomotor/readme.md | 2 +-
 1 file changed, 1 insertion(+), 1 deletion(-)



do: update subtree 7_2_VibrationMotor for branch vvvv_45beta29.2

do: git add

do: git commit
# On branch vvvv_45beta29.2
nothing to commit, working directory clean

do: git push vvvv_45beta29.2

do: checkout vvvv_45beta29.2

do: cd in tmp folder /home/PrototypingInterfaces/PItmp/

do: starts rsync

do: zip content


done! made updates for branch https://github.com/PrototypingInterfaces/_vvvv_45beta29.2

do: checkout vvvv_45beta30
  master
  vvvv_45beta29.2
* vvvv_45beta30



do: update subtree 00_CapacitiveCover for branch vvvv_45beta30



do: update subtree 2_VVVV-Basics for branch vvvv_45beta30



do: update subtree 3_ArduinoBasics for branch vvvv_45beta30



do: update subtree 4_1_Potentiometer for branch vvvv_45beta30



do: update subtree 4_2_Temperatursensor for branch vvvv_45beta30



do: update subtree 4_3_Accelerometer for branch vvvv_45beta30



do: update subtree 4_4_RFID for branch vvvv_45beta30



do: update subtree 4_5_OneDimensionalSlider for branch vvvv_45beta30



do: update subtree 4_6_TwoDimensionalSlider for branch vvvv_45beta30



do: update subtree 5_1_Fiducial-Tracking for branch vvvv_45beta30



do: update subtree 5_2_AugmentedReality for branch vvvv_45beta30



do: update subtree 5_3_Facetracking for branch vvvv_45beta30



do: update subtree 5_4_Colortracking for branch vvvv_45beta30



do: update subtree 5_5_Multitouch for branch vvvv_45beta30



do: update subtree 5_6_GestureControl for branch vvvv_45beta30



do: update subtree 6_1_Multiscreen for branch vvvv_45beta30



do: update subtree 6_2_2DMappingOnPlaneSurfaces for branch vvvv_45beta30



do: update subtree 6_3_3DIllusionThroughProjectionMapping for branch vvvv_45beta30



do: update subtree 7_1_Servomotor for branch vvvv_45beta30
Merge made by the 'recursive' strategy.
 7_1_Servomotor/readme.md | 2 +-
 1 file changed, 1 insertion(+), 1 deletion(-)



do: update subtree 7_2_VibrationMotor for branch vvvv_45beta30

do: git add

do: git commit
# On branch vvvv_45beta30
# Your branch is ahead of 'origin/vvvv_45beta30' by 2 commits.
#   (use "git push" to publish your local commits)
#
nothing to commit, working directory clean

do: git push vvvv_45beta30

do: checkout vvvv_45beta30

do: cd in tmp folder /home/PrototypingInterfaces/PItmp/

do: starts rsync

do: zip content


done! made updates for branch https://github.com/PrototypingInterfaces/_vvvv_45beta30


do a last push for all branches
________________done____________________
